# JRE version: Java(TM) SE Runtime Environment (8.0_65-b17) (build 1.8.0_65-b17)
# Java VM: Java HotSpot(TM) 64-Bit Server VM (25.65-b01 mixed mode bsd-amd64 compressed oops)
Heap:
 PSYoungGen      total 431616K, used 86539K [0x0000000795580000, 0x00000007b0200000, 0x00000007c0000000)
  eden space 424448K, 18% used [0x0000000795580000,0x000000079a402c20,0x00000007af400000)
  from space 7168K, 85% used [0x00000007afb00000,0x00000007b0100000,0x00000007b0200000)
  to   space 7168K, 0% used [0x00000007af400000,0x00000007af400000,0x00000007afb00000)
 ParOldGen       total 87552K, used 11261K [0x0000000740000000, 0x0000000745580000, 0x0000000795580000)
  object space 87552K, 12% used [0x0000000740000000,0x0000000740aff528,0x0000000745580000)
 Metaspace       used 18036K, capacity 20165K, committed 20480K, reserved 1064960K
  class space    used 3897K, capacity 4738K, committed 4864K, reserved 1048576K
GC Heap History (10 events):
Event: 2.386 GC heap before
{Heap before GC invocations=6 (full 0):
 PSYoungGen      total 71680K, used 71648K [0x0000000795580000, 0x000000079e480000, 0x00000007c0000000)
  eden space 66560K, 100% used [0x0000000795580000,0x0000000799680000,0x0000000799680000)
  from space 5120K, 99% used [0x0000000799680000,0x0000000799b78040,0x0000000799b80000)
  to   space 6656K, 0% used [0x000000079de00000,0x000000079de00000,0x000000079e480000)
 ParOldGen       total 87552K, used 2013K [0x0000000740000000, 0x0000000745580000, 0x0000000795580000)
  object space 87552K, 2% used [0x0000000740000000,0x00000007401f7720,0x0000000745580000)
 Metaspace       used 16474K, capacity 18025K, committed 18176K, reserved 1062912K
  class space    used 3475K, capacity 4009K, committed 4096K, reserved 1048576K
Event: 2.396 GC heap after
Heap after GC invocations=6 (full 0):
 PSYoungGen      total 139264K, used 6116K [0x0000000795580000, 0x000000079e580000, 0x00000007c0000000)
  eden space 132608K, 0% used [0x0000000795580000,0x0000000795580000,0x000000079d700000)
  from space 6656K, 91% used [0x000000079de00000,0x000000079e3f9028,0x000000079e480000)
  to   space 7168K, 0% used [0x000000079d700000,0x000000079d700000,0x000000079de00000)
 ParOldGen       total 87552K, used 2021K [0x0000000740000000, 0x0000000745580000, 0x0000000795580000)
  object space 87552K, 2% used [0x0000000740000000,0x00000007401f9720,0x0000000745580000)
 Metaspace       used 16474K, capacity 18025K, committed 18176K, reserved 1062912K
  class space    used 3475K, capacity 4009K, committed 4096K, reserved 1048576K
}
Event: 2.496 GC heap before
{Heap before GC invocations=7 (full 0):
 PSYoungGen      total 139264K, used 138724K [0x0000000795580000, 0x000000079e580000, 0x00000007c0000000)
  eden space 132608K, 100% used [0x0000000795580000,0x000000079d700000,0x000000079d700000)
  from space 6656K, 91% used [0x000000079de00000,0x000000079e3f9028,0x000000079e480000)
  to   space 7168K, 0% used [0x000000079d700000,0x000000079d700000,0x000000079de00000)
 ParOldGen       total 87552K, used 2021K [0x0000000740000000, 0x0000000745580000, 0x0000000795580000)
  object space 87552K, 2% used [0x0000000740000000,0x00000007401f9720,0x0000000745580000)
 Metaspace       used 16941K, capacity 18647K, committed 18816K, reserved 1064960K
  class space    used 3598K, capacity 4219K, committed 4224K, reserved 1048576K
Event: 2.505 GC heap after
Heap after GC invocations=7 (full 0):
 PSYoungGen      total 139776K, used 5138K [0x0000000795580000, 0x00000007a6680000, 0x00000007c0000000)
  eden space 132608K, 0% used [0x0000000795580000,0x0000000795580000,0x000000079d700000)
  from space 7168K, 71% used [0x000000079d700000,0x000000079dc04a30,0x000000079de00000)
  to   space 7168K, 0% used [0x00000007a5f80000,0x00000007a5f80000,0x00000007a6680000)
 ParOldGen       total 87552K, used 5030K [0x0000000740000000, 0x0000000745580000, 0x0000000795580000)
  object space 87552K, 5% used [0x0000000740000000,0x00000007404e99e8,0x0000000745580000)
 Metaspace       used 16941K, capacity 18647K, committed 18816K, reserved 1064960K
  class space    used 3598K, capacity 4219K, committed 4224K, reserved 1048576K
}
Event: 2.593 GC heap before
{Heap before GC invocations=8 (full 0):
 PSYoungGen      total 139776K, used 137746K [0x0000000795580000, 0x00000007a6680000, 0x00000007c0000000)
  eden space 132608K, 100% used [0x0000000795580000,0x000000079d700000,0x000000079d700000)
  from space 7168K, 71% used [0x000000079d700000,0x000000079dc04a30,0x000000079de00000)
  to   space 7168K, 0% used [0x00000007a5f80000,0x00000007a5f80000,0x00000007a6680000)
 ParOldGen       total 87552K, used 5030K [0x0000000740000000, 0x0000000745580000, 0x0000000795580000)
  object space 87552K, 5% used [0x0000000740000000,0x00000007404e99e8,0x0000000745580000)
 Metaspace       used 17193K, capacity 18975K, committed 19328K, reserved 1064960K
  class space    used 3684K, capacity 4359K, committed 4480K, reserved 1048576K
Event: 2.601 GC heap after
Heap after GC invocations=8 (full 0):
 PSYoungGen      total 271360K, used 5300K [0x0000000795580000, 0x00000007a6580000, 0x00000007c0000000)
  eden space 265216K, 0% used [0x0000000795580000,0x0000000795580000,0x00000007a5880000)
  from space 6144K, 86% used [0x00000007a5f80000,0x00000007a64ad038,0x00000007a6580000)
  to   space 6656K, 0% used [0x00000007a5880000,0x00000007a5880000,0x00000007a5f00000)
 ParOldGen       total 87552K, used 6109K [0x0000000740000000, 0x0000000745580000, 0x0000000795580000)
  object space 87552K, 6% used [0x0000000740000000,0x00000007405f74c8,0x0000000745580000)
 Metaspace       used 17193K, capacity 18975K, committed 19328K, reserved 1064960K
  class space    used 3684K, capacity 4359K, committed 4480K, reserved 1048576K
}
Event: 2.817 GC heap before
{Heap before GC invocations=9 (full 0):
 PSYoungGen      total 271360K, used 270516K [0x0000000795580000, 0x00000007a6580000, 0x00000007c0000000)
  eden space 265216K, 100% used [0x0000000795580000,0x00000007a5880000,0x00000007a5880000)
  from space 6144K, 86% used [0x00000007a5f80000,0x00000007a64ad038,0x00000007a6580000)
  to   space 6656K, 0% used [0x00000007a5880000,0x00000007a5880000,0x00000007a5f00000)
 ParOldGen       total 87552K, used 6109K [0x0000000740000000, 0x0000000745580000, 0x0000000795580000)
  object space 87552K, 6% used [0x0000000740000000,0x00000007405f74c8,0x0000000745580000)
 Metaspace       used 17478K, capacity 19271K, committed 19584K, reserved 1064960K
  class space    used 3759K, capacity 4415K, committed 4480K, reserved 1048576K
Event: 2.831 GC heap after
Heap after GC invocations=9 (full 0):
 PSYoungGen      total 271872K, used 6496K [0x0000000795580000, 0x00000007b0200000, 0x00000007c0000000)
  eden space 265216K, 0% used [0x0000000795580000,0x0000000795580000,0x00000007a5880000)
  from space 6656K, 97% used [0x00000007a5880000,0x00000007a5ed8000,0x00000007a5f00000)
  to   space 7168K, 0% used [0x00000007afb00000,0x00000007afb00000,0x00000007b0200000)
 ParOldGen       total 87552K, used 7949K [0x0000000740000000, 0x0000000745580000, 0x0000000795580000)
  object space 87552K, 9% used [0x0000000740000000,0x00000007407c3528,0x0000000745580000)
 Metaspace       used 17478K, capacity 19271K, committed 19584K, reserved 1064960K
  class space    used 3759K, capacity 4415K, committed 4480K, reserved 1048576K
}
Event: 40.223 GC heap before
{Heap before GC invocations=10 (full 0):
 PSYoungGen      total 271872K, used 271712K [0x0000000795580000, 0x00000007b0200000, 0x00000007c0000000)
  eden space 265216K, 100% used [0x0000000795580000,0x00000007a5880000,0x00000007a5880000)
  from space 6656K, 97% used [0x00000007a5880000,0x00000007a5ed8000,0x00000007a5f00000)
  to   space 7168K, 0% used [0x00000007afb00000,0x00000007afb00000,0x00000007b0200000)
 ParOldGen       total 87552K, used 7949K [0x0000000740000000, 0x0000000745580000, 0x0000000795580000)
  object space 87552K, 9% used [0x0000000740000000,0x00000007407c3528,0x0000000745580000)
 Metaspace       used 17964K, capacity 20073K, committed 20352K, reserved 1064960K
  class space    used 3879K, capacity 4708K, committed 4736K, reserved 1048576K
Event: 40.240 GC heap after
Heap after GC invocations=10 (full 0):
 PSYoungGen      total 431616K, used 6144K [0x0000000795580000, 0x00000007b0200000, 0x00000007c0000000)
  eden space 424448K, 0% used [0x0000000795580000,0x0000000795580000,0x00000007af400000)
  from space 7168K, 85% used [0x00000007afb00000,0x00000007b0100000,0x00000007b0200000)
  to   space 7168K, 0% used [0x00000007af400000,0x00000007af400000,0x00000007afb00000)
 ParOldGen       total 87552K, used 11261K [0x0000000740000000, 0x0000000745580000, 0x0000000795580000)
  object space 87552K, 12% used [0x0000000740000000,0x0000000740aff528,0x0000000745580000)
 Metaspace       used 17964K, capacity 20073K, committed 20352K, reserved 1064960K
  class space    used 3879K, capacity 4708K, committed 4736K, reserved 1048576K
}

